INFO - 2023-09-08 05:39:05 --> Session: Class initialized using 'CodeIgniter\Session\Handlers\FileHandler' driver.
INFO - 2023-09-08 05:39:05 --> Session: Class initialized using 'CodeIgniter\Session\Handlers\FileHandler' driver.
INFO - 2023-09-08 05:39:05 --> Session: Class initialized using 'CodeIgniter\Session\Handlers\FileHandler' driver.
INFO - 2023-09-08 05:39:07 --> Session: Class initialized using 'CodeIgniter\Session\Handlers\FileHandler' driver.
INFO - 2023-09-08 05:39:07 --> Session: Class initialized using 'CodeIgniter\Session\Handlers\FileHandler' driver.
INFO - 2023-09-08 05:39:07 --> Session: Class initialized using 'CodeIgniter\Session\Handlers\FileHandler' driver.
INFO - 2023-09-08 05:39:12 --> Session: Class initialized using 'CodeIgniter\Session\Handlers\FileHandler' driver.
INFO - 2023-09-08 05:39:12 --> Session: Class initialized using 'CodeIgniter\Session\Handlers\FileHandler' driver.
INFO - 2023-09-08 05:39:12 --> Session: Class initialized using 'CodeIgniter\Session\Handlers\FileHandler' driver.
INFO - 2023-09-08 05:39:19 --> Session: Class initialized using 'CodeIgniter\Session\Handlers\FileHandler' driver.
INFO - 2023-09-08 05:39:19 --> Session: Class initialized using 'CodeIgniter\Session\Handlers\FileHandler' driver.
INFO - 2023-09-08 05:39:50 --> Session: Class initialized using 'CodeIgniter\Session\Handlers\FileHandler' driver.
INFO - 2023-09-08 05:39:50 --> Session: Class initialized using 'CodeIgniter\Session\Handlers\FileHandler' driver.
INFO - 2023-09-08 05:42:24 --> Session: Class initialized using 'CodeIgniter\Session\Handlers\FileHandler' driver.
INFO - 2023-09-08 05:42:24 --> Session: Class initialized using 'CodeIgniter\Session\Handlers\FileHandler' driver.
INFO - 2023-09-08 05:43:09 --> Session: Class initialized using 'CodeIgniter\Session\Handlers\FileHandler' driver.
INFO - 2023-09-08 05:43:09 --> Session: Class initialized using 'CodeIgniter\Session\Handlers\FileHandler' driver.
INFO - 2023-09-08 05:43:11 --> Session: Class initialized using 'CodeIgniter\Session\Handlers\FileHandler' driver.
INFO - 2023-09-08 05:43:11 --> Session: Class initialized using 'CodeIgniter\Session\Handlers\FileHandler' driver.
INFO - 2023-09-08 05:43:16 --> Session: Class initialized using 'CodeIgniter\Session\Handlers\FileHandler' driver.
ERROR - 2023-09-08 05:43:16 --> mysqli_sql_exception: Table 'dairy_app.area' doesn't exist in /var/www/html/Eclipse/dairy_app/vendor/codeigniter4/framework/system/Database/MySQLi/Connection.php:306
Stack trace:
#0 /var/www/html/Eclipse/dairy_app/vendor/codeigniter4/framework/system/Database/MySQLi/Connection.php(306): mysqli->query()
#1 /var/www/html/Eclipse/dairy_app/vendor/codeigniter4/framework/system/Database/BaseConnection.php(692): CodeIgniter\Database\MySQLi\Connection->execute()
#2 /var/www/html/Eclipse/dairy_app/vendor/codeigniter4/framework/system/Database/BaseConnection.php(606): CodeIgniter\Database\BaseConnection->simpleQuery()
#3 /var/www/html/Eclipse/dairy_app/vendor/codeigniter4/framework/system/Database/BaseBuilder.php(1616): CodeIgniter\Database\BaseConnection->query()
#4 /var/www/html/Eclipse/dairy_app/vendor/codeigniter4/framework/system/Model.php(237): CodeIgniter\Database\BaseBuilder->get()
#5 /var/www/html/Eclipse/dairy_app/vendor/codeigniter4/framework/system/BaseModel.php(624): CodeIgniter\Model->doFindAll()
#6 /var/www/html/Eclipse/dairy_app/app/Controllers/AreasController.php(13): CodeIgniter\BaseModel->findAll()
#7 /var/www/html/Eclipse/dairy_app/vendor/codeigniter4/framework/system/CodeIgniter.php(915): App\Controllers\AreasController->index()
#8 /var/www/html/Eclipse/dairy_app/vendor/codeigniter4/framework/system/CodeIgniter.php(492): CodeIgniter\CodeIgniter->runController()
#9 /var/www/html/Eclipse/dairy_app/vendor/codeigniter4/framework/system/CodeIgniter.php(353): CodeIgniter\CodeIgniter->handleRequest()
#10 /var/www/html/Eclipse/dairy_app/index.php(79): CodeIgniter\CodeIgniter->run()
#11 {main}
CRITICAL - 2023-09-08 05:43:16 --> Table 'dairy_app.area' doesn't exist
in SYSTEMPATH/Database/BaseConnection.php on line 646.
 1 SYSTEMPATH/Database/BaseBuilder.php(1616): CodeIgniter\Database\BaseConnection->query()
 2 SYSTEMPATH/Model.php(237): CodeIgniter\Database\BaseBuilder->get()
 3 SYSTEMPATH/BaseModel.php(624): CodeIgniter\Model->doFindAll()
 4 APPPATH/Controllers/AreasController.php(13): CodeIgniter\BaseModel->findAll()
 5 SYSTEMPATH/CodeIgniter.php(915): App\Controllers\AreasController->index()
 6 SYSTEMPATH/CodeIgniter.php(492): CodeIgniter\CodeIgniter->runController()
 7 SYSTEMPATH/CodeIgniter.php(353): CodeIgniter\CodeIgniter->handleRequest()
 8 FCPATH/index.php(79): CodeIgniter\CodeIgniter->run()
INFO - 2023-09-08 05:43:20 --> Session: Class initialized using 'CodeIgniter\Session\Handlers\FileHandler' driver.
INFO - 2023-09-08 05:43:20 --> Session: Class initialized using 'CodeIgniter\Session\Handlers\FileHandler' driver.
INFO - 2023-09-08 05:43:23 --> Session: Class initialized using 'CodeIgniter\Session\Handlers\FileHandler' driver.
ERROR - 2023-09-08 05:43:23 --> mysqli_sql_exception: Table 'dairy_app.customer' doesn't exist in /var/www/html/Eclipse/dairy_app/vendor/codeigniter4/framework/system/Database/MySQLi/Connection.php:306
Stack trace:
#0 /var/www/html/Eclipse/dairy_app/vendor/codeigniter4/framework/system/Database/MySQLi/Connection.php(306): mysqli->query()
#1 /var/www/html/Eclipse/dairy_app/vendor/codeigniter4/framework/system/Database/BaseConnection.php(692): CodeIgniter\Database\MySQLi\Connection->execute()
#2 /var/www/html/Eclipse/dairy_app/vendor/codeigniter4/framework/system/Database/BaseConnection.php(606): CodeIgniter\Database\BaseConnection->simpleQuery()
#3 /var/www/html/Eclipse/dairy_app/vendor/codeigniter4/framework/system/Database/BaseBuilder.php(1616): CodeIgniter\Database\BaseConnection->query()
#4 /var/www/html/Eclipse/dairy_app/vendor/codeigniter4/framework/system/Model.php(237): CodeIgniter\Database\BaseBuilder->get()
#5 /var/www/html/Eclipse/dairy_app/vendor/codeigniter4/framework/system/BaseModel.php(624): CodeIgniter\Model->doFindAll()
#6 /var/www/html/Eclipse/dairy_app/app/Controllers/CustomersController.php(16): CodeIgniter\BaseModel->findAll()
#7 /var/www/html/Eclipse/dairy_app/vendor/codeigniter4/framework/system/CodeIgniter.php(915): App\Controllers\CustomersController->index()
#8 /var/www/html/Eclipse/dairy_app/vendor/codeigniter4/framework/system/CodeIgniter.php(492): CodeIgniter\CodeIgniter->runController()
#9 /var/www/html/Eclipse/dairy_app/vendor/codeigniter4/framework/system/CodeIgniter.php(353): CodeIgniter\CodeIgniter->handleRequest()
#10 /var/www/html/Eclipse/dairy_app/index.php(79): CodeIgniter\CodeIgniter->run()
#11 {main}
CRITICAL - 2023-09-08 05:43:23 --> Table 'dairy_app.customer' doesn't exist
in SYSTEMPATH/Database/BaseConnection.php on line 646.
 1 SYSTEMPATH/Database/BaseBuilder.php(1616): CodeIgniter\Database\BaseConnection->query()
 2 SYSTEMPATH/Model.php(237): CodeIgniter\Database\BaseBuilder->get()
 3 SYSTEMPATH/BaseModel.php(624): CodeIgniter\Model->doFindAll()
 4 APPPATH/Controllers/CustomersController.php(16): CodeIgniter\BaseModel->findAll()
 5 SYSTEMPATH/CodeIgniter.php(915): App\Controllers\CustomersController->index()
 6 SYSTEMPATH/CodeIgniter.php(492): CodeIgniter\CodeIgniter->runController()
 7 SYSTEMPATH/CodeIgniter.php(353): CodeIgniter\CodeIgniter->handleRequest()
 8 FCPATH/index.php(79): CodeIgniter\CodeIgniter->run()
INFO - 2023-09-08 05:43:25 --> Session: Class initialized using 'CodeIgniter\Session\Handlers\FileHandler' driver.
INFO - 2023-09-08 05:43:25 --> Session: Class initialized using 'CodeIgniter\Session\Handlers\FileHandler' driver.
INFO - 2023-09-08 05:43:28 --> Session: Class initialized using 'CodeIgniter\Session\Handlers\FileHandler' driver.
ERROR - 2023-09-08 05:43:28 --> mysqli_sql_exception: Table 'dairy_app.counters_info' doesn't exist in /var/www/html/Eclipse/dairy_app/vendor/codeigniter4/framework/system/Database/MySQLi/Connection.php:306
Stack trace:
#0 /var/www/html/Eclipse/dairy_app/vendor/codeigniter4/framework/system/Database/MySQLi/Connection.php(306): mysqli->query()
#1 /var/www/html/Eclipse/dairy_app/vendor/codeigniter4/framework/system/Database/BaseConnection.php(692): CodeIgniter\Database\MySQLi\Connection->execute()
#2 /var/www/html/Eclipse/dairy_app/vendor/codeigniter4/framework/system/Database/BaseConnection.php(606): CodeIgniter\Database\BaseConnection->simpleQuery()
#3 /var/www/html/Eclipse/dairy_app/vendor/codeigniter4/framework/system/Database/BaseBuilder.php(1616): CodeIgniter\Database\BaseConnection->query()
#4 /var/www/html/Eclipse/dairy_app/vendor/codeigniter4/framework/system/Model.php(237): CodeIgniter\Database\BaseBuilder->get()
#5 /var/www/html/Eclipse/dairy_app/vendor/codeigniter4/framework/system/BaseModel.php(624): CodeIgniter\Model->doFindAll()
#6 /var/www/html/Eclipse/dairy_app/app/Controllers/CountersController.php(13): CodeIgniter\BaseModel->findAll()
#7 /var/www/html/Eclipse/dairy_app/vendor/codeigniter4/framework/system/CodeIgniter.php(915): App\Controllers\CountersController->index()
#8 /var/www/html/Eclipse/dairy_app/vendor/codeigniter4/framework/system/CodeIgniter.php(492): CodeIgniter\CodeIgniter->runController()
#9 /var/www/html/Eclipse/dairy_app/vendor/codeigniter4/framework/system/CodeIgniter.php(353): CodeIgniter\CodeIgniter->handleRequest()
#10 /var/www/html/Eclipse/dairy_app/index.php(79): CodeIgniter\CodeIgniter->run()
#11 {main}
CRITICAL - 2023-09-08 05:43:28 --> Table 'dairy_app.counters_info' doesn't exist
in SYSTEMPATH/Database/BaseConnection.php on line 646.
 1 SYSTEMPATH/Database/BaseBuilder.php(1616): CodeIgniter\Database\BaseConnection->query()
 2 SYSTEMPATH/Model.php(237): CodeIgniter\Database\BaseBuilder->get()
 3 SYSTEMPATH/BaseModel.php(624): CodeIgniter\Model->doFindAll()
 4 APPPATH/Controllers/CountersController.php(13): CodeIgniter\BaseModel->findAll()
 5 SYSTEMPATH/CodeIgniter.php(915): App\Controllers\CountersController->index()
 6 SYSTEMPATH/CodeIgniter.php(492): CodeIgniter\CodeIgniter->runController()
 7 SYSTEMPATH/CodeIgniter.php(353): CodeIgniter\CodeIgniter->handleRequest()
 8 FCPATH/index.php(79): CodeIgniter\CodeIgniter->run()
INFO - 2023-09-08 05:43:30 --> Session: Class initialized using 'CodeIgniter\Session\Handlers\FileHandler' driver.
INFO - 2023-09-08 05:43:30 --> Session: Class initialized using 'CodeIgniter\Session\Handlers\FileHandler' driver.
INFO - 2023-09-08 05:44:07 --> Session: Class initialized using 'CodeIgniter\Session\Handlers\FileHandler' driver.
INFO - 2023-09-08 05:44:07 --> Session: Class initialized using 'CodeIgniter\Session\Handlers\FileHandler' driver.
